{
  "RSpec": {
    "coverage": {
      "/home/narinluangrath-88646/code/tic-tac-toe-rb-vfa-2017/lib/tic_tac_toe.rb": [
        null,
        null,
        null,
        null,
        null,
        null,
        null,
        null,
        null,
        1,
        25,
        25,
        25,
        25,
        25,
        null,
        null,
        1,
        24,
        null,
        null,
        1,
        23,
        null,
        null,
        1,
        0,
        null,
        null,
        1,
        24,
        null,
        null,
        1,
        21,
        21,
        21,
        21,
        20,
        20,
        null,
        1,
        null,
        null,
        null,
        null,
        null,
        1,
        22,
        22,
        198,
        32,
        null,
        null,
        22,
        null,
        null,
        1,
        21,
        null,
        null,
        null,
        null,
        null,
        1,
        26,
        null,
        null,
        null,
        1,
        null,
        null,
        null,
        null,
        null,
        null,
        null,
        null,
        null,
        null,
        1,
        44,
        473,
        620,
        null,
        null,
        null,
        1,
        173,
        null,
        null,
        1,
        16,
        16,
        16,
        null,
        null,
        1,
        19,
        null,
        null,
        1,
        12,
        12,
        null,
        null,
        1,
        12,
        18,
        null,
        12,
        null,
        null,
        null,
        null,
        null,
        null,
        null,
        null,
        null,
        null,
        null,
        null
      ]
    },
    "timestamp": 1496961005
  }
}
